Classic Timing Analyzer report for lab1
Fri Dec 14 08:27:50 2018
Quartus II Version 9.1 Build 222 10/21/2009 SJ Web Edition


---------------------
; Table of Contents ;
---------------------
  1. Legal Notice
  2. Timing Analyzer Summary
  3. Timing Analyzer Settings
  4. Clock Settings Summary
  5. Parallel Compilation
  6. Clock Setup: 'clk'
  7. tsu
  8. tco
  9. tpd
 10. th
 11. Timing Analyzer Messages



----------------
; Legal Notice ;
----------------
Copyright (C) 1991-2009 Altera Corporation
Your use of Altera Corporation's design tools, logic functions 
and other software and tools, and its AMPP partner logic 
functions, and any output files from any of the foregoing 
(including device programming or simulation files), and any 
associated documentation or information are expressly subject 
to the terms and conditions of the Altera Program License 
Subscription Agreement, Altera MegaCore Function License 
Agreement, or other applicable license agreement, including, 
without limitation, that your use is for the sole purpose of 
programming logic devices manufactured by Altera and sold by 
Altera or its authorized distributors.  Please refer to the 
applicable agreement for further details.



+--------------------------------------------------------------------------------------------------------------------------------------------------------------------+
; Timing Analyzer Summary                                                                                                                                            ;
+------------------------------+-------+---------------+------------------------------------------------+----------+----------+------------+----------+--------------+
; Type                         ; Slack ; Required Time ; Actual Time                                    ; From     ; To       ; From Clock ; To Clock ; Failed Paths ;
+------------------------------+-------+---------------+------------------------------------------------+----------+----------+------------+----------+--------------+
; Worst-case tsu               ; N/A   ; None          ; 4.289 ns                                       ; step9    ; inst62   ; --         ; clk      ; 0            ;
; Worst-case tco               ; N/A   ; None          ; 7.011 ns                                       ; inst62   ; step9out ; clk        ; --       ; 0            ;
; Worst-case tpd               ; N/A   ; None          ; 10.377 ns                                      ; step9    ; step9out ; --         ; --       ; 0            ;
; Worst-case th                ; N/A   ; None          ; -2.633 ns                                      ; isCahced ; inst62   ; --         ; clk      ; 0            ;
; Clock Setup: 'clk'           ; N/A   ; None          ; Restricted to 500.00 MHz ( period = 2.000 ns ) ; inst62   ; inst62   ; clk        ; clk      ; 0            ;
; Total number of failed paths ;       ;               ;                                                ;          ;          ;            ;          ; 0            ;
+------------------------------+-------+---------------+------------------------------------------------+----------+----------+------------+----------+--------------+


+-----------------------------------------------------------------------------------------------------------------------------------------------------+
; Timing Analyzer Settings                                                                                                                            ;
+------------------------------------------------------------------------------------------------------+--------------------+------+----+-------------+
; Option                                                                                               ; Setting            ; From ; To ; Entity Name ;
+------------------------------------------------------------------------------------------------------+--------------------+------+----+-------------+
; Device Name                                                                                          ; EP2S15F484C3       ;      ;    ;             ;
; Timing Models                                                                                        ; Final              ;      ;    ;             ;
; Default hold multicycle                                                                              ; Same as Multicycle ;      ;    ;             ;
; Cut paths between unrelated clock domains                                                            ; On                 ;      ;    ;             ;
; Cut off read during write signal paths                                                               ; On                 ;      ;    ;             ;
; Cut off feedback from I/O pins                                                                       ; On                 ;      ;    ;             ;
; Report Combined Fast/Slow Timing                                                                     ; Off                ;      ;    ;             ;
; Ignore Clock Settings                                                                                ; Off                ;      ;    ;             ;
; Analyze latches as synchronous elements                                                              ; On                 ;      ;    ;             ;
; Enable Recovery/Removal analysis                                                                     ; Off                ;      ;    ;             ;
; Enable Clock Latency                                                                                 ; Off                ;      ;    ;             ;
; Use TimeQuest Timing Analyzer                                                                        ; Off                ;      ;    ;             ;
; Number of source nodes to report per destination node                                                ; 10                 ;      ;    ;             ;
; Number of destination nodes to report                                                                ; 10                 ;      ;    ;             ;
; Number of paths to report                                                                            ; 200                ;      ;    ;             ;
; Report Minimum Timing Checks                                                                         ; Off                ;      ;    ;             ;
; Use Fast Timing Models                                                                               ; Off                ;      ;    ;             ;
; Report IO Paths Separately                                                                           ; Off                ;      ;    ;             ;
; Perform Multicorner Analysis                                                                         ; On                 ;      ;    ;             ;
; Reports the worst-case path for each clock domain and analysis                                       ; Off                ;      ;    ;             ;
; Reports worst-case timing paths for each clock domain and analysis                                   ; Off                ;      ;    ;             ;
; Specifies the maximum number of worst-case timing paths to report for each clock domain and analysis ; 100                ;      ;    ;             ;
; Removes common clock path pessimism (CCPP) during slack computation                                  ; Off                ;      ;    ;             ;
; Output I/O Timing Endpoint                                                                           ; Near End           ;      ;    ;             ;
+------------------------------------------------------------------------------------------------------+--------------------+------+----+-------------+


+------------------------------------------------------------------------------------------------------------------------------------------------------------------------------------+
; Clock Settings Summary                                                                                                                                                             ;
+-----------------+--------------------+----------+------------------+---------------+--------------+----------+-----------------------+---------------------+--------+--------------+
; Clock Node Name ; Clock Setting Name ; Type     ; Fmax Requirement ; Early Latency ; Late Latency ; Based on ; Multiply Base Fmax by ; Divide Base Fmax by ; Offset ; Phase offset ;
+-----------------+--------------------+----------+------------------+---------------+--------------+----------+-----------------------+---------------------+--------+--------------+
; clk             ;                    ; User Pin ; None             ; 0.000 ns      ; 0.000 ns     ; --       ; N/A                   ; N/A                 ; N/A    ;              ;
+-----------------+--------------------+----------+------------------+---------------+--------------+----------+-----------------------+---------------------+--------+--------------+


Parallel compilation was disabled, but you have multiple processors available. Enable parallel compilation to reduce compilation time.
+-------------------------------------+
; Parallel Compilation                ;
+----------------------------+--------+
; Processors                 ; Number ;
+----------------------------+--------+
; Number detected on machine ; 4      ;
; Maximum allowed            ; 1      ;
+----------------------------+--------+


+--------------------------------------------------------------------------------------------------------------------------------------------------------------------------------------+
; Clock Setup: 'clk'                                                                                                                                                                   ;
+-------+------------------------------------------------+--------+--------+------------+----------+-----------------------------+---------------------------+-------------------------+
; Slack ; Actual fmax (period)                           ; From   ; To     ; From Clock ; To Clock ; Required Setup Relationship ; Required Longest P2P Time ; Actual Longest P2P Time ;
+-------+------------------------------------------------+--------+--------+------------+----------+-----------------------------+---------------------------+-------------------------+
; N/A   ; Restricted to 500.00 MHz ( period = 2.000 ns ) ; inst62 ; inst62 ; clk        ; clk      ; None                        ; None                      ; 0.488 ns                ;
+-------+------------------------------------------------+--------+--------+------------+----------+-----------------------------+---------------------------+-------------------------+


+------------------------------------------------------------------+
; tsu                                                              ;
+-------+--------------+------------+----------+--------+----------+
; Slack ; Required tsu ; Actual tsu ; From     ; To     ; To Clock ;
+-------+--------------+------------+----------+--------+----------+
; N/A   ; None         ; 4.289 ns   ; step9    ; inst62 ; clk      ;
; N/A   ; None         ; 4.233 ns   ; step2    ; inst62 ; clk      ;
; N/A   ; None         ; 2.872 ns   ; isCahced ; inst62 ; clk      ;
+-------+--------------+------------+----------+--------+----------+


+--------------------------------------------------------------------+
; tco                                                                ;
+-------+--------------+------------+--------+----------+------------+
; Slack ; Required tco ; Actual tco ; From   ; To       ; From Clock ;
+-------+--------------+------------+--------+----------+------------+
; N/A   ; None         ; 7.011 ns   ; inst62 ; step9out ; clk        ;
; N/A   ; None         ; 5.588 ns   ; inst62 ; step2out ; clk        ;
; N/A   ; None         ; 5.434 ns   ; inst62 ; reset    ; clk        ;
+-------+--------------+------------+--------+----------+------------+


+----------------------------------------------------------------+
; tpd                                                            ;
+-------+-------------------+-----------------+-------+----------+
; Slack ; Required P2P Time ; Actual P2P Time ; From  ; To       ;
+-------+-------------------+-----------------+-------+----------+
; N/A   ; None              ; 10.377 ns       ; step9 ; step9out ;
; N/A   ; None              ; 9.001 ns        ; step2 ; step2out ;
+-------+-------------------+-----------------+-------+----------+


+------------------------------------------------------------------------+
; th                                                                     ;
+---------------+-------------+-----------+----------+--------+----------+
; Minimum Slack ; Required th ; Actual th ; From     ; To     ; To Clock ;
+---------------+-------------+-----------+----------+--------+----------+
; N/A           ; None        ; -2.633 ns ; isCahced ; inst62 ; clk      ;
; N/A           ; None        ; -3.994 ns ; step2    ; inst62 ; clk      ;
; N/A           ; None        ; -4.050 ns ; step9    ; inst62 ; clk      ;
+---------------+-------------+-----------+----------+--------+----------+


+--------------------------+
; Timing Analyzer Messages ;
+--------------------------+
Info: *******************************************************************
Info: Running Quartus II Classic Timing Analyzer
    Info: Version 9.1 Build 222 10/21/2009 SJ Web Edition
    Info: Processing started: Fri Dec 14 08:27:50 2018
Info: Command: quartus_tan --read_settings_files=off --write_settings_files=off lab1 -c lab1 --timing_analysis_only
Warning: Found pins functioning as undefined clocks and/or memory enables
    Info: Assuming node "clk" is an undefined clock
Info: Clock "clk" Internal fmax is restricted to 500.0 MHz between source register "inst62" and destination register "inst62"
    Info: fmax restricted to clock pin edge rate 2.0 ns. Expand message to see actual delay path.
        Info: + Longest register to register delay is 0.488 ns
            Info: 1: + IC(0.000 ns) + CELL(0.000 ns) = 0.000 ns; Loc. = LCFF_X37_Y22_N3; Fanout = 4; REG Node = 'inst62'
            Info: 2: + IC(0.000 ns) + CELL(0.333 ns) = 0.333 ns; Loc. = LCCOMB_X37_Y22_N2; Fanout = 1; COMB Node = 'inst28~0'
            Info: 3: + IC(0.000 ns) + CELL(0.155 ns) = 0.488 ns; Loc. = LCFF_X37_Y22_N3; Fanout = 4; REG Node = 'inst62'
            Info: Total cell delay = 0.488 ns ( 100.00 % )
        Info: - Smallest clock skew is 0.000 ns
            Info: + Shortest clock path from clock "clk" to destination register is 2.432 ns
                Info: 1: + IC(0.000 ns) + CELL(0.810 ns) = 0.810 ns; Loc. = PIN_K3; Fanout = 1; CLK Node = 'clk'
                Info: 2: + IC(1.004 ns) + CELL(0.618 ns) = 2.432 ns; Loc. = LCFF_X37_Y22_N3; Fanout = 4; REG Node = 'inst62'
                Info: Total cell delay = 1.428 ns ( 58.72 % )
                Info: Total interconnect delay = 1.004 ns ( 41.28 % )
            Info: - Longest clock path from clock "clk" to source register is 2.432 ns
                Info: 1: + IC(0.000 ns) + CELL(0.810 ns) = 0.810 ns; Loc. = PIN_K3; Fanout = 1; CLK Node = 'clk'
                Info: 2: + IC(1.004 ns) + CELL(0.618 ns) = 2.432 ns; Loc. = LCFF_X37_Y22_N3; Fanout = 4; REG Node = 'inst62'
                Info: Total cell delay = 1.428 ns ( 58.72 % )
                Info: Total interconnect delay = 1.004 ns ( 41.28 % )
        Info: + Micro clock to output delay of source is 0.094 ns
        Info: + Micro setup delay of destination is 0.090 ns
Info: tsu for register "inst62" (data pin = "step9", clock pin = "clk") is 4.289 ns
    Info: + Longest pin to register delay is 6.631 ns
        Info: 1: + IC(0.000 ns) + CELL(0.837 ns) = 0.837 ns; Loc. = PIN_Y14; Fanout = 2; PIN Node = 'step9'
        Info: 2: + IC(5.411 ns) + CELL(0.228 ns) = 6.476 ns; Loc. = LCCOMB_X37_Y22_N2; Fanout = 1; COMB Node = 'inst28~0'
        Info: 3: + IC(0.000 ns) + CELL(0.155 ns) = 6.631 ns; Loc. = LCFF_X37_Y22_N3; Fanout = 4; REG Node = 'inst62'
        Info: Total cell delay = 1.220 ns ( 18.40 % )
        Info: Total interconnect delay = 5.411 ns ( 81.60 % )
    Info: + Micro setup delay of destination is 0.090 ns
    Info: - Shortest clock path from clock "clk" to destination register is 2.432 ns
        Info: 1: + IC(0.000 ns) + CELL(0.810 ns) = 0.810 ns; Loc. = PIN_K3; Fanout = 1; CLK Node = 'clk'
        Info: 2: + IC(1.004 ns) + CELL(0.618 ns) = 2.432 ns; Loc. = LCFF_X37_Y22_N3; Fanout = 4; REG Node = 'inst62'
        Info: Total cell delay = 1.428 ns ( 58.72 % )
        Info: Total interconnect delay = 1.004 ns ( 41.28 % )
Info: tco from clock "clk" to destination pin "step9out" through register "inst62" is 7.011 ns
    Info: + Longest clock path from clock "clk" to source register is 2.432 ns
        Info: 1: + IC(0.000 ns) + CELL(0.810 ns) = 0.810 ns; Loc. = PIN_K3; Fanout = 1; CLK Node = 'clk'
        Info: 2: + IC(1.004 ns) + CELL(0.618 ns) = 2.432 ns; Loc. = LCFF_X37_Y22_N3; Fanout = 4; REG Node = 'inst62'
        Info: Total cell delay = 1.428 ns ( 58.72 % )
        Info: Total interconnect delay = 1.004 ns ( 41.28 % )
    Info: + Micro clock to output delay of source is 0.094 ns
    Info: + Longest register to pin delay is 4.485 ns
        Info: 1: + IC(0.000 ns) + CELL(0.000 ns) = 0.000 ns; Loc. = LCFF_X37_Y22_N3; Fanout = 4; REG Node = 'inst62'
        Info: 2: + IC(0.228 ns) + CELL(0.154 ns) = 0.382 ns; Loc. = LCCOMB_X37_Y22_N20; Fanout = 1; COMB Node = 'inst31'
        Info: 3: + IC(2.141 ns) + CELL(1.962 ns) = 4.485 ns; Loc. = PIN_D14; Fanout = 0; PIN Node = 'step9out'
        Info: Total cell delay = 2.116 ns ( 47.18 % )
        Info: Total interconnect delay = 2.369 ns ( 52.82 % )
Info: Longest tpd from source pin "step9" to destination pin "step9out" is 10.377 ns
    Info: 1: + IC(0.000 ns) + CELL(0.837 ns) = 0.837 ns; Loc. = PIN_Y14; Fanout = 2; PIN Node = 'step9'
    Info: 2: + IC(5.384 ns) + CELL(0.053 ns) = 6.274 ns; Loc. = LCCOMB_X37_Y22_N20; Fanout = 1; COMB Node = 'inst31'
    Info: 3: + IC(2.141 ns) + CELL(1.962 ns) = 10.377 ns; Loc. = PIN_D14; Fanout = 0; PIN Node = 'step9out'
    Info: Total cell delay = 2.852 ns ( 27.48 % )
    Info: Total interconnect delay = 7.525 ns ( 72.52 % )
Info: th for register "inst62" (data pin = "isCahced", clock pin = "clk") is -2.633 ns
    Info: + Longest clock path from clock "clk" to destination register is 2.432 ns
        Info: 1: + IC(0.000 ns) + CELL(0.810 ns) = 0.810 ns; Loc. = PIN_K3; Fanout = 1; CLK Node = 'clk'
        Info: 2: + IC(1.004 ns) + CELL(0.618 ns) = 2.432 ns; Loc. = LCFF_X37_Y22_N3; Fanout = 4; REG Node = 'inst62'
        Info: Total cell delay = 1.428 ns ( 58.72 % )
        Info: Total interconnect delay = 1.004 ns ( 41.28 % )
    Info: + Micro hold delay of destination is 0.149 ns
    Info: - Shortest pin to register delay is 5.214 ns
        Info: 1: + IC(0.000 ns) + CELL(0.820 ns) = 0.820 ns; Loc. = PIN_K2; Fanout = 1; PIN Node = 'isCahced'
        Info: 2: + IC(4.186 ns) + CELL(0.053 ns) = 5.059 ns; Loc. = LCCOMB_X37_Y22_N2; Fanout = 1; COMB Node = 'inst28~0'
        Info: 3: + IC(0.000 ns) + CELL(0.155 ns) = 5.214 ns; Loc. = LCFF_X37_Y22_N3; Fanout = 4; REG Node = 'inst62'
        Info: Total cell delay = 1.028 ns ( 19.72 % )
        Info: Total interconnect delay = 4.186 ns ( 80.28 % )
Info: Quartus II Classic Timing Analyzer was successful. 0 errors, 1 warning
    Info: Peak virtual memory: 212 megabytes
    Info: Processing ended: Fri Dec 14 08:27:51 2018
    Info: Elapsed time: 00:00:01
    Info: Total CPU time (on all processors): 00:00:02


